<?xml version="1.0" encoding="UTF-8"?>
<testsuite name="ro.ubb.movie_catalog.repository.inmemory.InMemoryRepositoryTest" tests="5" skipped="0" failures="0" errors="0" timestamp="2020-03-17T06:27:26" hostname="HP-IOANA" time="0.01">
  <properties/>
  <testcase name="testFindAll" classname="ro.ubb.movie_catalog.repository.inmemory.InMemoryRepositoryTest" time="0.007"/>
  <testcase name="testFindOne" classname="ro.ubb.movie_catalog.repository.inmemory.InMemoryRepositoryTest" time="0.0"/>
  <testcase name="testSave" classname="ro.ubb.movie_catalog.repository.inmemory.InMemoryRepositoryTest" time="0.0"/>
  <testcase name="testDelete" classname="ro.ubb.movie_catalog.repository.inmemory.InMemoryRepositoryTest" time="0.0"/>
  <testcase name="testUpdate" classname="ro.ubb.movie_catalog.repository.inmemory.InMemoryRepositoryTest" time="0.0"/>
  <system-out><![CDATA[]]></system-out>
  <system-err><![CDATA[]]></system-err>
</testsuite>
